%!Adobe-FontList 1.22
%Locale:0x409

%BeginFont
Handler:DirectoryHandler
FontType:Invalid
OutlineFileName:C:\Users\fabia\Documents\GitHub\brand\BlitzCraftHQ\Font\FSLA_NonCommercial_License.html
FileModTime:1666278225
%EndFont

%BeginFont
Handler:DirectoryHandler
FontType:Invalid
OutlineFileName:C:\Users\fabia\Documents\GitHub\brand\BlitzCraftHQ\Font\Get Commercial License.url
FileModTime:1666278225
%EndFont

%BeginFont
Handler:DirectoryHandler
FontType:TrueType
FontName:Provicali
FamilyName:Provicali
StyleName:Regular
FullName:Provicali
MenuName:Provicali
StyleBits:0
WritingScript:Roman
OutlineFileName:C:\Users\fabia\Documents\GitHub\brand\BlitzCraftHQ\Font\Provicali.otf
DataFormat:sfntData
hasSVG:no
VariableFontType:NonVariableFont
FileLength:70060
FileModTime:1666278225
WeightClass:400
WidthClass:5
AngleClass:0
NameArray:0,Win,1,Provicali
%EndFont

